<?xml version="1.0" encoding="UTF-8"?>
<testsuite xmlns:xsi="http://www.w3.org/2001/XMLSchema-instance" xsi:noNamespaceSchemaLocation="https://maven.apache.org/surefire/maven-surefire-plugin/xsd/surefire-test-report.xsd" name="com.lucky.jacklamb.AppTest" time="0.339" tests="1" errors="0" skipped="0" failures="0">
  <properties>
    <property name="gopherProxySet" value="false"/>
    <property name="awt.toolkit" value="sun.lwawt.macosx.LWCToolkit"/>
    <property name="file.encoding.pkg" value="sun.io"/>
    <property name="java.specification.version" value="1.8"/>
    <property name="sun.cpu.isalist" value=""/>
    <property name="sun.jnu.encoding" value="UTF-8"/>
    <property name="java.class.path" value="/Users/fukang/IDEA-WORK/Lucky2/Lucky/lucky-framework/target/test-classes:/Users/fukang/IDEA-WORK/Lucky2/Lucky/lucky-framework/target/classes:/Users/fukang/Maven/Maven-warehouse/junit/junit/4.11/junit-4.11.jar:/Users/fukang/Maven/Maven-warehouse/org/hamcrest/hamcrest-core/1.3/hamcrest-core-1.3.jar:/Users/fukang/Maven/Maven-warehouse/org/ow2/asm/asm/8.0.1/asm-8.0.1.jar:/Users/fukang/Maven/Maven-warehouse/org/apache/logging/log4j/log4j-core/2.13.2/log4j-core-2.13.2.jar:/Users/fukang/Maven/Maven-warehouse/org/apache/logging/log4j/log4j-api/2.13.2/log4j-api-2.13.2.jar:/Users/fukang/Maven/Maven-warehouse/org/slf4j/slf4j-api/1.7.25/slf4j-api-1.7.25.jar:/Users/fukang/Maven/Maven-warehouse/org/slf4j/slf4j-log4j12/1.7.25/slf4j-log4j12-1.7.25.jar:/Users/fukang/Maven/Maven-warehouse/log4j/log4j/1.2.17/log4j-1.2.17.jar:/Users/fukang/Maven/Maven-warehouse/com/thoughtworks/xstream/xstream/1.4.11.1/xstream-1.4.11.1.jar:/Users/fukang/Maven/Maven-warehouse/xmlpull/xmlpull/1.1.3.1/xmlpull-1.1.3.1.jar:/Users/fukang/Maven/Maven-warehouse/xpp3/xpp3_min/1.1.4c/xpp3_min-1.1.4c.jar:/Users/fukang/Maven/Maven-warehouse/com/google/code/gson/gson/2.8.5/gson-2.8.5.jar:"/>
    <property name="java.vm.vendor" value="Oracle Corporation"/>
    <property name="sun.arch.data.model" value="64"/>
    <property name="java.vendor.url" value="http://java.oracle.com/"/>
    <property name="user.timezone" value=""/>
    <property name="java.vm.specification.version" value="1.8"/>
    <property name="os.name" value="Mac OS X"/>
    <property name="user.country" value="CN"/>
    <property name="sun.java.launcher" value="SUN_STANDARD"/>
    <property name="sun.boot.library.path" value="/Library/Java/JavaVirtualMachines/jdk1.8.0_251.jdk/Contents/Home/jre/lib"/>
    <property name="sun.java.command" value="/Users/fukang/IDEA-WORK/Lucky2/Lucky/lucky-framework/target/surefire/surefirebooter5200863584160453634.jar /Users/fukang/IDEA-WORK/Lucky2/Lucky/lucky-framework/target/surefire 2020-11-15T22-44-05_739-jvmRun1 surefire7185144839109949902tmp surefire_06308076459272920380tmp"/>
    <property name="http.nonProxyHosts" value="local|*.local|169.254/16|*.169.254/16"/>
    <property name="surefire.test.class.path" value="/Users/fukang/IDEA-WORK/Lucky2/Lucky/lucky-framework/target/test-classes:/Users/fukang/IDEA-WORK/Lucky2/Lucky/lucky-framework/target/classes:/Users/fukang/Maven/Maven-warehouse/junit/junit/4.11/junit-4.11.jar:/Users/fukang/Maven/Maven-warehouse/org/hamcrest/hamcrest-core/1.3/hamcrest-core-1.3.jar:/Users/fukang/Maven/Maven-warehouse/org/ow2/asm/asm/8.0.1/asm-8.0.1.jar:/Users/fukang/Maven/Maven-warehouse/org/apache/logging/log4j/log4j-core/2.13.2/log4j-core-2.13.2.jar:/Users/fukang/Maven/Maven-warehouse/org/apache/logging/log4j/log4j-api/2.13.2/log4j-api-2.13.2.jar:/Users/fukang/Maven/Maven-warehouse/org/slf4j/slf4j-api/1.7.25/slf4j-api-1.7.25.jar:/Users/fukang/Maven/Maven-warehouse/org/slf4j/slf4j-log4j12/1.7.25/slf4j-log4j12-1.7.25.jar:/Users/fukang/Maven/Maven-warehouse/log4j/log4j/1.2.17/log4j-1.2.17.jar:/Users/fukang/Maven/Maven-warehouse/com/thoughtworks/xstream/xstream/1.4.11.1/xstream-1.4.11.1.jar:/Users/fukang/Maven/Maven-warehouse/xmlpull/xmlpull/1.1.3.1/xmlpull-1.1.3.1.jar:/Users/fukang/Maven/Maven-warehouse/xpp3/xpp3_min/1.1.4c/xpp3_min-1.1.4c.jar:/Users/fukang/Maven/Maven-warehouse/com/google/code/gson/gson/2.8.5/gson-2.8.5.jar:"/>
    <property name="sun.cpu.endian" value="little"/>
    <property name="user.home" value="/Users/fukang"/>
    <property name="user.language" value="zh"/>
    <property name="java.specification.vendor" value="Oracle Corporation"/>
    <property name="java.home" value="/Library/Java/JavaVirtualMachines/jdk1.8.0_251.jdk/Contents/Home/jre"/>
    <property name="basedir" value="/Users/fukang/IDEA-WORK/Lucky2/Lucky/lucky-framework"/>
    <property name="file.separator" value="/"/>
    <property name="line.separator" value="&#10;"/>
    <property name="java.vm.specification.vendor" value="Oracle Corporation"/>
    <property name="java.specification.name" value="Java Platform API Specification"/>
    <property name="java.awt.graphicsenv" value="sun.awt.CGraphicsEnvironment"/>
    <property name="surefire.real.class.path" value="/Users/fukang/IDEA-WORK/Lucky2/Lucky/lucky-framework/target/surefire/surefirebooter5200863584160453634.jar"/>
    <property name="sun.boot.class.path" value="/Library/Java/JavaVirtualMachines/jdk1.8.0_251.jdk/Contents/Home/jre/lib/resources.jar:/Library/Java/JavaVirtualMachines/jdk1.8.0_251.jdk/Contents/Home/jre/lib/rt.jar:/Library/Java/JavaVirtualMachines/jdk1.8.0_251.jdk/Contents/Home/jre/lib/sunrsasign.jar:/Library/Java/JavaVirtualMachines/jdk1.8.0_251.jdk/Contents/Home/jre/lib/jsse.jar:/Library/Java/JavaVirtualMachines/jdk1.8.0_251.jdk/Contents/Home/jre/lib/jce.jar:/Library/Java/JavaVirtualMachines/jdk1.8.0_251.jdk/Contents/Home/jre/lib/charsets.jar:/Library/Java/JavaVirtualMachines/jdk1.8.0_251.jdk/Contents/Home/jre/lib/jfr.jar:/Library/Java/JavaVirtualMachines/jdk1.8.0_251.jdk/Contents/Home/jre/classes"/>
    <property name="sun.management.compiler" value="HotSpot 64-Bit Tiered Compilers"/>
    <property name="ftp.nonProxyHosts" value="local|*.local|169.254/16|*.169.254/16"/>
    <property name="java.runtime.version" value="1.8.0_251-b08"/>
    <property name="user.name" value="fukang"/>
    <property name="path.separator" value=":"/>
    <property name="os.version" value="10.16"/>
    <property name="java.endorsed.dirs" value="/Library/Java/JavaVirtualMachines/jdk1.8.0_251.jdk/Contents/Home/jre/lib/endorsed"/>
    <property name="java.runtime.name" value="Java(TM) SE Runtime Environment"/>
    <property name="file.encoding" value="UTF-8"/>
    <property name="java.vm.name" value="Java HotSpot(TM) 64-Bit Server VM"/>
    <property name="idea.version2020.1" value="true"/>
    <property name="localRepository" value="/Users/fukang/Maven/Maven-warehouse"/>
    <property name="java.vendor.url.bug" value="http://bugreport.sun.com/bugreport/"/>
    <property name="java.io.tmpdir" value="/var/folders/6v/blntps_n3ts8_4v2ls2dtgl80000gn/T/"/>
    <property name="java.version" value="1.8.0_251"/>
    <property name="user.dir" value="/Users/fukang/IDEA-WORK/Lucky2/Lucky/lucky-framework"/>
    <property name="os.arch" value="x86_64"/>
    <property name="java.vm.specification.name" value="Java Virtual Machine Specification"/>
    <property name="java.awt.printerjob" value="sun.lwawt.macosx.CPrinterJob"/>
    <property name="sun.os.patch.level" value="unknown"/>
    <property name="java.library.path" value="/Users/fukang/Library/Java/Extensions:/Library/Java/Extensions:/Network/Library/Java/Extensions:/System/Library/Java/Extensions:/usr/lib/java:."/>
    <property name="java.vm.info" value="mixed mode"/>
    <property name="java.vendor" value="Oracle Corporation"/>
    <property name="java.vm.version" value="25.251-b08"/>
    <property name="java.ext.dirs" value="/Users/fukang/Library/Java/Extensions:/Library/Java/JavaVirtualMachines/jdk1.8.0_251.jdk/Contents/Home/jre/lib/ext:/Library/Java/Extensions:/Network/Library/Java/Extensions:/System/Library/Java/Extensions:/usr/lib/java"/>
    <property name="sun.io.unicode.encoding" value="UnicodeBig"/>
    <property name="maven.repo.local" value="/Users/fukang/Maven/Maven-warehouse"/>
    <property name="java.class.version" value="52.0"/>
    <property name="socksNonProxyHosts" value="local|*.local|169.254/16|*.169.254/16"/>
  </properties>
  <testcase name="shouldAnswerWithTrue" classname="com.lucky.jacklamb.AppTest" time="0.005"/>
</testsuite>